<?xml version="1.0" encoding="UTF-8"?>
<!-- Generated by org.testng.reporters.JUnitXMLReporter -->
<testsuite ignored="0" hostname="DESKTOP-HKN9H90" failures="0" tests="3" name="Surefire test" time="2.426" errors="0" timestamp="2020-07-02T10:23:28 PDT">
  <testcase classname="testposts.TestPostsAPI" name="testGetAllPosts" time="1.408"/>
  <testcase classname="testposts.TestPostsAPI" name="testUserCanCreateAPostSuccessfully" time="0.831"/>
  <testcase classname="testposts.TestPostsAPI" name="testUserCanCreateAPostUsingPojoSuccessfully" time="0.161"/>
</testsuite> <!-- Surefire test -->
