<?xml version="1.0" encoding="UTF-8"?>
<testsuite xmlns:xsi="http://www.w3.org/2001/XMLSchema-instance" xsi:noNamespaceSchemaLocation="https://maven.apache.org/surefire/maven-surefire-plugin/xsd/surefire-test-report-3.0.xsd" version="3.0" name="testposts.TestPostsAPI" time="2.812" tests="3" errors="0" skipped="0" failures="0">
  <properties>
[...]
</properties>
  <testcase name="testGetAllPosts" classname="testposts.TestPostsAPI" time="1.413"/>
  <testcase name="testUserCanCreateAPostSuccessfully" classname="testposts.TestPostsAPI" time="0.827"/>
  <testcase name="testUserCanCreateAPostUsingPojoSuccessfully" classname="testposts.TestPostsAPI" time="0.162"/>
</testsuite>