<?xml version="1.0" encoding="UTF-8"?>
<testng-results ignored="0" total="3" passed="3" failed="0" skipped="0">
  <reporter-output>
  </reporter-output>
  <suite started-at="2020-07-02T10:23:26 PDT" name="Surefire suite" finished-at="2020-07-02T10:23:28 PDT" duration-ms="2426">
    <groups>
    </groups>
    <test started-at="2020-07-02T10:23:26 PDT" name="Surefire test" finished-at="2020-07-02T10:23:28 PDT" duration-ms="2426">
      <class name="testposts.TestPostsAPI">
        <test-method is-config="true" signature="setUpPostsAPI()[pri:0, instance:testposts.TestPostsAPI@368f2016]" started-at="2020-07-02T10:23:26 PDT" name="setUpPostsAPI" finished-at="2020-07-02T10:23:26 PDT" duration-ms="5" status="PASS">
          <reporter-output>
          </reporter-output>
        </test-method> <!-- setUpPostsAPI -->
        <test-method signature="testGetAllPosts()[pri:0, instance:testposts.TestPostsAPI@368f2016]" started-at="2020-07-02T10:23:26 PDT" name="testGetAllPosts" finished-at="2020-07-02T10:23:27 PDT" duration-ms="1408" status="PASS">
          <reporter-output>
          </reporter-output>
        </test-method> <!-- testGetAllPosts -->
        <test-method signature="testUserCanCreateAPostSuccessfully()[pri:0, instance:testposts.TestPostsAPI@368f2016]" started-at="2020-07-02T10:23:27 PDT" name="testUserCanCreateAPostSuccessfully" finished-at="2020-07-02T10:23:28 PDT" duration-ms="831" status="PASS">
          <reporter-output>
          </reporter-output>
        </test-method> <!-- testUserCanCreateAPostSuccessfully -->
        <test-method signature="testUserCanCreateAPostUsingPojoSuccessfully()[pri:0, instance:testposts.TestPostsAPI@368f2016]" started-at="2020-07-02T10:23:28 PDT" name="testUserCanCreateAPostUsingPojoSuccessfully" finished-at="2020-07-02T10:23:28 PDT" duration-ms="161" status="PASS">
          <reporter-output>
          </reporter-output>
        </test-method> <!-- testUserCanCreateAPostUsingPojoSuccessfully -->
      </class> <!-- testposts.TestPostsAPI -->
    </test> <!-- Surefire test -->
  </suite> <!-- Surefire suite -->
</testng-results>
